# JRE version: Java(TM) SE Runtime Environment (14.0.2+12) (build 14.0.2+12-46)
# Java VM: Java HotSpot(TM) 64-Bit Server VM (14.0.2+12-46, mixed mode, sharing, tiered, compressed oops, g1 gc, bsd-amd64)
Heap:
 garbage-first heap   total 295936K, used 175801K [0x0000000700000000, 0x0000000800000000)
  region size 1024K, 4 young (4096K), 3 survivors (3072K)
 Metaspace       used 5776K, capacity 6167K, committed 6400K, reserved 1056768K
  class space    used 583K, capacity 655K, committed 768K, reserved 1048576K
GC Heap History (6 events):
Event: 2.153 GC heap before
{Heap before GC invocations=0 (full 0):
 garbage-first heap   total 264192K, used 80688K [0x0000000700000000, 0x0000000800000000)
  region size 1024K, 23 young (23552K), 0 survivors (0K)
 Metaspace       used 5588K, capacity 6167K, committed 6400K, reserved 1056768K
  class space    used 571K, capacity 655K, committed 768K, reserved 1048576K
}
Event: 2.157 GC heap after
{Heap after GC invocations=1 (full 0):
 garbage-first heap   total 264192K, used 60916K [0x0000000700000000, 0x0000000800000000)
  region size 1024K, 3 young (3072K), 3 survivors (3072K)
 Metaspace       used 5588K, capacity 6167K, committed 6400K, reserved 1056768K
  class space    used 571K, capacity 655K, committed 768K, reserved 1048576K
}
Event: 2.669 GC heap before
{Heap before GC invocations=1 (full 0):
 garbage-first heap   total 264192K, used 101876K [0x0000000700000000, 0x0000000800000000)
  region size 1024K, 43 young (44032K), 3 survivors (3072K)
 Metaspace       used 5592K, capacity 6167K, committed 6400K, reserved 1056768K
  class space    used 571K, capacity 655K, committed 768K, reserved 1048576K
}
Event: 2.672 GC heap after
{Heap after GC invocations=2 (full 0):
 garbage-first heap   total 264192K, used 61052K [0x0000000700000000, 0x0000000800000000)
  region size 1024K, 3 young (3072K), 3 survivors (3072K)
 Metaspace       used 5592K, capacity 6167K, committed 6400K, reserved 1056768K
  class space    used 571K, capacity 655K, committed 768K, reserved 1048576K
}
Event: 2.978 GC heap before
{Heap before GC invocations=2 (full 0):
 garbage-first heap   total 264192K, used 126588K [0x0000000700000000, 0x0000000800000000)
  region size 1024K, 12 young (12288K), 3 survivors (3072K)
 Metaspace       used 5747K, capacity 6167K, committed 6400K, reserved 1056768K
  class space    used 582K, capacity 655K, committed 768K, reserved 1048576K
}
Event: 2.980 GC heap after
{Heap after GC invocations=3 (full 0):
 garbage-first heap   total 264192K, used 118457K [0x0000000700000000, 0x0000000800000000)
  region size 1024K, 3 young (3072K), 3 survivors (3072K)
 Metaspace       used 5747K, capacity 6167K, committed 6400K, reserved 1056768K
  class space    used 582K, capacity 655K, committed 768K, reserved 1048576K
}

