# JRE version: Java(TM) SE Runtime Environment (14.0.2+12) (build 14.0.2+12-46)
# Java VM: Java HotSpot(TM) 64-Bit Server VM (14.0.2+12-46, mixed mode, sharing, tiered, compressed oops, g1 gc, bsd-amd64)
Heap:
 garbage-first heap   total 295936K, used 175811K [0x0000000700000000, 0x0000000800000000)
  region size 1024K, 4 young (4096K), 3 survivors (3072K)
 Metaspace       used 5779K, capacity 6167K, committed 6400K, reserved 1056768K
  class space    used 583K, capacity 655K, committed 768K, reserved 1048576K
GC Heap History (6 events):
Event: 2.296 GC heap before
{Heap before GC invocations=0 (full 0):
 garbage-first heap   total 264192K, used 80688K [0x0000000700000000, 0x0000000800000000)
  region size 1024K, 23 young (23552K), 0 survivors (0K)
 Metaspace       used 5590K, capacity 6167K, committed 6400K, reserved 1056768K
  class space    used 571K, capacity 655K, committed 768K, reserved 1048576K
}
Event: 2.299 GC heap after
{Heap after GC invocations=1 (full 0):
 garbage-first heap   total 264192K, used 60913K [0x0000000700000000, 0x0000000800000000)
  region size 1024K, 3 young (3072K), 3 survivors (3072K)
 Metaspace       used 5590K, capacity 6167K, committed 6400K, reserved 1056768K
  class space    used 571K, capacity 655K, committed 768K, reserved 1048576K
}
Event: 2.795 GC heap before
{Heap before GC invocations=1 (full 0):
 garbage-first heap   total 264192K, used 101873K [0x0000000700000000, 0x0000000800000000)
  region size 1024K, 43 young (44032K), 3 survivors (3072K)
 Metaspace       used 5595K, capacity 6167K, committed 6400K, reserved 1056768K
  class space    used 571K, capacity 655K, committed 768K, reserved 1048576K
}
Event: 2.798 GC heap after
{Heap after GC invocations=2 (full 0):
 garbage-first heap   total 264192K, used 61053K [0x0000000700000000, 0x0000000800000000)
  region size 1024K, 3 young (3072K), 3 survivors (3072K)
 Metaspace       used 5595K, capacity 6167K, committed 6400K, reserved 1056768K
  class space    used 571K, capacity 655K, committed 768K, reserved 1048576K
}
Event: 3.096 GC heap before
{Heap before GC invocations=2 (full 0):
 garbage-first heap   total 264192K, used 126589K [0x0000000700000000, 0x0000000800000000)
  region size 1024K, 12 young (12288K), 3 survivors (3072K)
 Metaspace       used 5749K, capacity 6167K, committed 6400K, reserved 1056768K
  class space    used 582K, capacity 655K, committed 768K, reserved 1048576K
}
Event: 3.098 GC heap after
{Heap after GC invocations=3 (full 0):
 garbage-first heap   total 264192K, used 118467K [0x0000000700000000, 0x0000000800000000)
  region size 1024K, 3 young (3072K), 3 survivors (3072K)
 Metaspace       used 5749K, capacity 6167K, committed 6400K, reserved 1056768K
  class space    used 582K, capacity 655K, committed 768K, reserved 1048576K
}

